Release 14.7 - xst P.20131013 (nt64)
Copyright (c) 1995-2013 Xilinx, Inc.  All rights reserved.
--> Parameter TMPDIR set to xst/projnav.tmp


Total REAL time to Xst completion: 0.00 secs
Total CPU time to Xst completion: 0.08 secs
 
--> Parameter xsthdpdir set to xst


Total REAL time to Xst completion: 0.00 secs
Total CPU time to Xst completion: 0.09 secs
 
--> Reading design: RISC_1.prj

TABLE OF CONTENTS
  1) Synthesis Options Summary
  2) HDL Parsing
  3) HDL Elaboration
  4) HDL Synthesis
       4.1) HDL Synthesis Report
  5) Advanced HDL Synthesis
       5.1) Advanced HDL Synthesis Report
  6) Low Level Synthesis
  7) Partition Report
  8) Design Summary
       8.1) Primitive and Black Box Usage
       8.2) Device utilization summary
       8.3) Partition Resource Summary
       8.4) Timing Report
            8.4.1) Clock Information
            8.4.2) Asynchronous Control Signals Information
            8.4.3) Timing Summary
            8.4.4) Timing Details
            8.4.5) Cross Clock Domains Report


=========================================================================
*                      Synthesis Options Summary                        *
=========================================================================
---- Source Parameters
Input File Name                    : "RISC_1.prj"
Ignore Synthesis Constraint File   : NO

---- Target Parameters
Output File Name                   : "RISC_1"
Output Format                      : NGC
Target Device                      : xc6slx75t-2-fgg484

---- Source Options
Top Module Name                    : RISC_1
Automatic FSM Extraction           : YES
FSM Encoding Algorithm             : Auto
Safe Implementation                : No
FSM Style                          : LUT
RAM Extraction                     : Yes
RAM Style                          : Auto
ROM Extraction                     : Yes
Shift Register Extraction          : YES
ROM Style                          : Auto
Resource Sharing                   : YES
Asynchronous To Synchronous        : NO
Shift Register Minimum Size        : 2
Use DSP Block                      : Auto
Automatic Register Balancing       : No

---- Target Options
LUT Combining                      : Auto
Reduce Control Sets                : Auto
Add IO Buffers                     : YES
Global Maximum Fanout              : 100000
Add Generic Clock Buffer(BUFG)     : 16
Register Duplication               : YES
Optimize Instantiated Primitives   : NO
Use Clock Enable                   : Auto
Use Synchronous Set                : Auto
Use Synchronous Reset              : Auto
Pack IO Registers into IOBs        : Auto
Equivalent register Removal        : YES

---- General Options
Optimization Goal                  : Speed
Optimization Effort                : 1
Power Reduction                    : NO
Keep Hierarchy                     : No
Netlist Hierarchy                  : As_Optimized
RTL Output                         : Yes
Global Optimization                : AllClockNets
Read Cores                         : YES
Write Timing Constraints           : NO
Cross Clock Analysis               : NO
Hierarchy Separator                : /
Bus Delimiter                      : <>
Case Specifier                     : Maintain
Slice Utilization Ratio            : 100
BRAM Utilization Ratio             : 100
DSP48 Utilization Ratio            : 100
Auto BRAM Packing                  : NO
Slice Utilization Ratio Delta      : 5

=========================================================================


=========================================================================
*                          HDL Parsing                                  *
=========================================================================
Parsing VHDL file "D:\Ashkan works\HW2_9531427\problem2\part1\RISC_1.vhd" into library work
Parsing entity <RISC_1>.
Parsing architecture <Behavioral> of entity <risc_1>.

=========================================================================
*                            HDL Elaboration                            *
=========================================================================

Elaborating entity <RISC_1> (architecture <Behavioral>) from library <work>.
WARNING:HDLCompiler:871 - "D:\Ashkan works\HW2_9531427\problem2\part1\RISC_1.vhd" Line 50: Using initial value "00000000000000000000000000000000" for r_type since it is never assigned
WARNING:HDLCompiler:1127 - "D:\Ashkan works\HW2_9531427\problem2\part1\RISC_1.vhd" Line 63: Assignment to opcode_r ignored, since the identifier is never used
WARNING:HDLCompiler:1127 - "D:\Ashkan works\HW2_9531427\problem2\part1\RISC_1.vhd" Line 64: Assignment to opcode_i ignored, since the identifier is never used
WARNING:HDLCompiler:1127 - "D:\Ashkan works\HW2_9531427\problem2\part1\RISC_1.vhd" Line 65: Assignment to opcode_s ignored, since the identifier is never used
WARNING:HDLCompiler:1127 - "D:\Ashkan works\HW2_9531427\problem2\part1\RISC_1.vhd" Line 66: Assignment to opcode_b ignored, since the identifier is never used
WARNING:HDLCompiler:1127 - "D:\Ashkan works\HW2_9531427\problem2\part1\RISC_1.vhd" Line 67: Assignment to opcode_u ignored, since the identifier is never used
WARNING:HDLCompiler:1127 - "D:\Ashkan works\HW2_9531427\problem2\part1\RISC_1.vhd" Line 68: Assignment to opcode_j ignored, since the identifier is never used
WARNING:HDLCompiler:1127 - "D:\Ashkan works\HW2_9531427\problem2\part1\RISC_1.vhd" Line 70: Assignment to rd_r ignored, since the identifier is never used
WARNING:HDLCompiler:1127 - "D:\Ashkan works\HW2_9531427\problem2\part1\RISC_1.vhd" Line 71: Assignment to rd_i ignored, since the identifier is never used
WARNING:HDLCompiler:1127 - "D:\Ashkan works\HW2_9531427\problem2\part1\RISC_1.vhd" Line 72: Assignment to rd_u ignored, since the identifier is never used
WARNING:HDLCompiler:1127 - "D:\Ashkan works\HW2_9531427\problem2\part1\RISC_1.vhd" Line 73: Assignment to rd_j ignored, since the identifier is never used
WARNING:HDLCompiler:1127 - "D:\Ashkan works\HW2_9531427\problem2\part1\RISC_1.vhd" Line 75: Assignment to func3_r ignored, since the identifier is never used
WARNING:HDLCompiler:1127 - "D:\Ashkan works\HW2_9531427\problem2\part1\RISC_1.vhd" Line 76: Assignment to func3_i ignored, since the identifier is never used
WARNING:HDLCompiler:1127 - "D:\Ashkan works\HW2_9531427\problem2\part1\RISC_1.vhd" Line 77: Assignment to func3_s ignored, since the identifier is never used
WARNING:HDLCompiler:1127 - "D:\Ashkan works\HW2_9531427\problem2\part1\RISC_1.vhd" Line 78: Assignment to func3_b ignored, since the identifier is never used
WARNING:HDLCompiler:1127 - "D:\Ashkan works\HW2_9531427\problem2\part1\RISC_1.vhd" Line 86: Assignment to rs1_r ignored, since the identifier is never used
WARNING:HDLCompiler:1127 - "D:\Ashkan works\HW2_9531427\problem2\part1\RISC_1.vhd" Line 87: Assignment to rs1_i ignored, since the identifier is never used
WARNING:HDLCompiler:1127 - "D:\Ashkan works\HW2_9531427\problem2\part1\RISC_1.vhd" Line 88: Assignment to rs1_s ignored, since the identifier is never used
WARNING:HDLCompiler:1127 - "D:\Ashkan works\HW2_9531427\problem2\part1\RISC_1.vhd" Line 89: Assignment to rs1_b ignored, since the identifier is never used
WARNING:HDLCompiler:1127 - "D:\Ashkan works\HW2_9531427\problem2\part1\RISC_1.vhd" Line 91: Assignment to rs2_r ignored, since the identifier is never used
WARNING:HDLCompiler:1127 - "D:\Ashkan works\HW2_9531427\problem2\part1\RISC_1.vhd" Line 92: Assignment to rs2_s ignored, since the identifier is never used
WARNING:HDLCompiler:1127 - "D:\Ashkan works\HW2_9531427\problem2\part1\RISC_1.vhd" Line 95: Assignment to func7_r ignored, since the identifier is never used

=========================================================================
*                           HDL Synthesis                               *
=========================================================================

Synthesizing Unit <RISC_1>.
    Related source file is "D:\Ashkan works\HW2_9531427\problem2\part1\RISC_1.vhd".
WARNING:Xst:647 - Input <instruction_bus> is never used. This port will be preserved and left unconnected if it belongs to a top-level block or it belongs to a sub-block and the hierarchy of this sub-block is preserved.
    Summary:
	no macro.
Unit <RISC_1> synthesized.

=========================================================================
HDL Synthesis Report

Found no macro
=========================================================================

=========================================================================
*                       Advanced HDL Synthesis                          *
=========================================================================


=========================================================================
Advanced HDL Synthesis Report

Found no macro
=========================================================================

=========================================================================
*                         Low Level Synthesis                           *
=========================================================================

Optimizing unit <RISC_1> ...

Mapping all equations...
Building and optimizing final netlist ...
Found area constraint ratio of 100 (+ 5) on block RISC_1, actual ratio is 0.

Final Macro Processing ...

=========================================================================
Final Register Report

Found no macro
=========================================================================

=========================================================================
*                           Partition Report                            *
=========================================================================

Partition Implementation Status
-------------------------------

  No Partitions were found in this design.

-------------------------------

=========================================================================
*                            Design Summary                             *
=========================================================================

Top Level Output File Name         : RISC_1.ngc

Primitive and Black Box Usage:
------------------------------

Device utilization summary:
---------------------------

Selected Device : 6slx75tfgg484-2 


Slice Logic Utilization: 

Slice Logic Distribution: 
 Number of LUT Flip Flop pairs used:      0
   Number with an unused Flip Flop:       0  out of      0         
   Number with an unused LUT:             0  out of      0         
   Number of fully used LUT-FF pairs:     0  out of      0         
   Number of unique control sets:         0

IO Utilization: 
 Number of IOs:                          48
 Number of bonded IOBs:                   0  out of    268     0%  

Specific Feature Utilization:

---------------------------
Partition Resource Summary:
---------------------------

  No Partitions were found in this design.

---------------------------


=========================================================================
Timing Report

NOTE: THESE TIMING NUMBERS ARE ONLY A SYNTHESIS ESTIMATE.
      FOR ACCURATE TIMING INFORMATION PLEASE REFER TO THE TRACE REPORT
      GENERATED AFTER PLACE-and-ROUTE.

Clock Information:
------------------
No clock signals found in this design

Asynchronous Control Signals Information:
----------------------------------------
No asynchronous control signals found in this design

Timing Summary:
---------------
Speed Grade: -2

   Minimum period: No path found
   Minimum input arrival time before clock: No path found
   Maximum output required time after clock: No path found
   Maximum combinational path delay: No path found

Timing Details:
---------------
All values displayed in nanoseconds (ns)

=========================================================================

Cross Clock Domains Report:
--------------------------

=========================================================================


Total REAL time to Xst completion: 5.00 secs
Total CPU time to Xst completion: 5.22 secs
 
--> 

Total memory usage is 258844 kilobytes

Number of errors   :    0 (   0 filtered)
Number of warnings :   23 (   0 filtered)
Number of infos    :    0 (   0 filtered)

