Release 14.7 - xst P.20131013 (nt64)
Copyright (c) 1995-2013 Xilinx, Inc.  All rights reserved.
--> Parameter TMPDIR set to xst/projnav.tmp


Total REAL time to Xst completion: 0.00 secs
Total CPU time to Xst completion: 0.07 secs
 
--> Parameter xsthdpdir set to xst


Total REAL time to Xst completion: 0.00 secs
Total CPU time to Xst completion: 0.07 secs
 
--> Reading design: config_arch.prj

TABLE OF CONTENTS
  1) Synthesis Options Summary
  2) HDL Parsing
  3) HDL Elaboration
  4) HDL Synthesis
       4.1) HDL Synthesis Report
  5) Advanced HDL Synthesis
       5.1) Advanced HDL Synthesis Report
  6) Low Level Synthesis
  7) Partition Report
  8) Design Summary
       8.1) Primitive and Black Box Usage
       8.2) Device utilization summary
       8.3) Partition Resource Summary
       8.4) Timing Report
            8.4.1) Clock Information
            8.4.2) Asynchronous Control Signals Information
            8.4.3) Timing Summary
            8.4.4) Timing Details
            8.4.5) Cross Clock Domains Report


=========================================================================
*                      Synthesis Options Summary                        *
=========================================================================
---- Source Parameters
Input File Name                    : "config_arch.prj"
Ignore Synthesis Constraint File   : NO

---- Target Parameters
Output File Name                   : "config_arch"
Output Format                      : NGC
Target Device                      : xa7a100t-2I-csg324

---- Source Options
Top Module Name                    : config_arch
Automatic FSM Extraction           : YES
FSM Encoding Algorithm             : Auto
Safe Implementation                : No
FSM Style                          : LUT
RAM Extraction                     : Yes
RAM Style                          : Auto
ROM Extraction                     : Yes
Shift Register Extraction          : YES
ROM Style                          : Auto
Resource Sharing                   : YES
Asynchronous To Synchronous        : NO
Shift Register Minimum Size        : 2
Use DSP Block                      : Auto
Automatic Register Balancing       : No

---- Target Options
LUT Combining                      : Auto
Reduce Control Sets                : Auto
Add IO Buffers                     : YES
Global Maximum Fanout              : 100000
Add Generic Clock Buffer(BUFG)     : 32
Register Duplication               : YES
Optimize Instantiated Primitives   : NO
Use Clock Enable                   : Auto
Use Synchronous Set                : Auto
Use Synchronous Reset              : Auto
Pack IO Registers into IOBs        : Auto
Equivalent register Removal        : YES

---- General Options
Optimization Goal                  : Speed
Optimization Effort                : 1
Power Reduction                    : NO
Keep Hierarchy                     : No
Netlist Hierarchy                  : As_Optimized
RTL Output                         : Yes
Global Optimization                : AllClockNets
Read Cores                         : YES
Write Timing Constraints           : NO
Cross Clock Analysis               : NO
Hierarchy Separator                : /
Bus Delimiter                      : <>
Case Specifier                     : Maintain
Slice Utilization Ratio            : 100
BRAM Utilization Ratio             : 100
DSP48 Utilization Ratio            : 100
Auto BRAM Packing                  : NO
Slice Utilization Ratio Delta      : 5

=========================================================================


=========================================================================
*                          HDL Parsing                                  *
=========================================================================
Parsing VHDL file "D:\Ashkan works\HW2_9531427\problem5\prob5\MUX8.vhd" into library work
Parsing entity <MUX8>.
Parsing architecture <Behavioral> of entity <mux8>.
Parsing VHDL file "D:\Ashkan works\HW2_9531427\problem5\prob5\shift_RTL.vhd" into library work
Parsing entity <shift_RTL>.
Parsing architecture <problem3> of entity <shift_rtl>.
Parsing architecture <problem4> of entity <shift_rtl>.
Parsing VHDL file "D:\Ashkan works\HW2_9531427\problem5\prob5\config_arch.vhd" into library work
Parsing entity <config_arch>.
Parsing architecture <Behavioral> of entity <config_arch>.

=========================================================================
*                            HDL Elaboration                            *
=========================================================================

Elaborating entity <config_arch> (architecture <Behavioral>) from library <work>.

Elaborating entity <shift_RTL> (architecture <problem3>) from library <work>.
WARNING:HDLCompiler:871 - "D:\Ashkan works\HW2_9531427\problem5\prob5\shift_RTL.vhd" Line 42: Using initial value "00000000" for zero since it is never assigned

Elaborating entity <shift_RTL> (architecture <problem4>) from library <work>.

Elaborating entity <MUX8> (architecture <Behavioral>) from library <work>.

=========================================================================
*                           HDL Synthesis                               *
=========================================================================

Synthesizing Unit <config_arch>.
    Related source file is "D:\Ashkan works\HW2_9531427\problem5\prob5\config_arch.vhd".
    Summary:
	no macro.
Unit <config_arch> synthesized.

Synthesizing Unit <shift_RTL>.
    Related source file is "D:\Ashkan works\HW2_9531427\problem5\prob5\shift_RTL.vhd".
    Found 3-bit subtractor for signal <GND_5_o_GND_5_o_sub_3_OUT<2:0>> created at line 51.
    Found 1-bit 5-to-1 multiplexer for signal <GND_5_o_X_5_o_Mux_62_o> created at line 51.
    Found 1-bit 7-to-1 multiplexer for signal <GND_5_o_X_5_o_Mux_64_o> created at line 51.
    Found 1-bit 7-to-1 multiplexer for signal <GND_5_o_X_5_o_Mux_66_o> created at line 51.
    Found 1-bit 7-to-1 multiplexer for signal <GND_5_o_X_5_o_Mux_68_o> created at line 51.
WARNING:Xst:737 - Found 1-bit latch for signal <output<6>>. Latches may be generated from incomplete case or if statements. We do not recommend the use of latches in FPGA/CPLD designs, as they may lead to timing problems.
WARNING:Xst:737 - Found 1-bit latch for signal <output<5>>. Latches may be generated from incomplete case or if statements. We do not recommend the use of latches in FPGA/CPLD designs, as they may lead to timing problems.
WARNING:Xst:737 - Found 1-bit latch for signal <output<4>>. Latches may be generated from incomplete case or if statements. We do not recommend the use of latches in FPGA/CPLD designs, as they may lead to timing problems.
WARNING:Xst:737 - Found 1-bit latch for signal <output<3>>. Latches may be generated from incomplete case or if statements. We do not recommend the use of latches in FPGA/CPLD designs, as they may lead to timing problems.
WARNING:Xst:737 - Found 1-bit latch for signal <output<2>>. Latches may be generated from incomplete case or if statements. We do not recommend the use of latches in FPGA/CPLD designs, as they may lead to timing problems.
WARNING:Xst:737 - Found 1-bit latch for signal <output<1>>. Latches may be generated from incomplete case or if statements. We do not recommend the use of latches in FPGA/CPLD designs, as they may lead to timing problems.
WARNING:Xst:737 - Found 1-bit latch for signal <output<0>>. Latches may be generated from incomplete case or if statements. We do not recommend the use of latches in FPGA/CPLD designs, as they may lead to timing problems.
WARNING:Xst:737 - Found 1-bit latch for signal <output<7>>. Latches may be generated from incomplete case or if statements. We do not recommend the use of latches in FPGA/CPLD designs, as they may lead to timing problems.
    Summary:
	inferred   1 Adder/Subtractor(s).
	inferred   8 Latch(s).
	inferred  49 Multiplexer(s).
Unit <shift_RTL> synthesized.

Synthesizing Unit <shift_RTL>.
    Related source file is "D:\Ashkan works\HW2_9531427\problem5\prob5\shift_RTL.vhd".
    Summary:
	inferred   1 Adder/Subtractor(s).
	inferred   8 Latch(s).
	inferred  49 Multiplexer(s).
Unit <shift_RTL> synthesized.

Synthesizing Unit <MUX8>.
    Related source file is "D:\Ashkan works\HW2_9531427\problem5\prob5\MUX8.vhd".
    Found 1-bit 16-to-1 multiplexer for signal <dout_din[0]_MUX_215_o> created at line 42.
    Summary:
	inferred   1 Multiplexer(s).
Unit <MUX8> synthesized.

=========================================================================
HDL Synthesis Report

Macro Statistics
# Adders/Subtractors                                   : 1
 3-bit subtractor                                      : 1
# Latches                                              : 8
 1-bit latch                                           : 8
# Multiplexers                                         : 57
 1-bit 16-to-1 multiplexer                             : 8
 1-bit 2-to-1 multiplexer                              : 45
 1-bit 5-to-1 multiplexer                              : 1
 1-bit 7-to-1 multiplexer                              : 3

=========================================================================

=========================================================================
*                       Advanced HDL Synthesis                          *
=========================================================================

WARNING:Xst - The specified part-type was not generated at build time. XST is loading the full part-type and will therefore consume more CPU and memory.
Loading device for application Rf_Device from file '7a100t.nph' in environment d:\Xilinx\14.7\ISE_DS\ISE\.
Loading device for application Rf_Device from file '7a100t.nph' in environment d:\Xilinx\14.7\ISE_DS\ISE\.

=========================================================================
Advanced HDL Synthesis Report

Macro Statistics
# Adders/Subtractors                                   : 1
 3-bit subtractor                                      : 1
# Multiplexers                                         : 57
 1-bit 16-to-1 multiplexer                             : 8
 1-bit 2-to-1 multiplexer                              : 45
 1-bit 5-to-1 multiplexer                              : 1
 1-bit 7-to-1 multiplexer                              : 3

=========================================================================

=========================================================================
*                         Low Level Synthesis                           *
=========================================================================

Optimizing unit <config_arch> ...
WARNING:Xst:1294 - Latch <module1/output_4> is equivalent to a wire in block <config_arch>.
WARNING:Xst:1294 - Latch <module1/output_5> is equivalent to a wire in block <config_arch>.
WARNING:Xst:1294 - Latch <module1/output_1> is equivalent to a wire in block <config_arch>.
WARNING:Xst:1294 - Latch <module1/output_2> is equivalent to a wire in block <config_arch>.
WARNING:Xst:1294 - Latch <module1/output_3> is equivalent to a wire in block <config_arch>.
WARNING:Xst:1294 - Latch <module1/output_6> is equivalent to a wire in block <config_arch>.
WARNING:Xst:1294 - Latch <module1/output_0> is equivalent to a wire in block <config_arch>.
WARNING:Xst:1294 - Latch <module1/output_7> is equivalent to a wire in block <config_arch>.
WARNING:Xst:1294 - Latch <module1/output_4> is equivalent to a wire in block <config_arch>.
WARNING:Xst:1294 - Latch <module1/output_5> is equivalent to a wire in block <config_arch>.
WARNING:Xst:1294 - Latch <module1/output_1> is equivalent to a wire in block <config_arch>.
WARNING:Xst:1294 - Latch <module1/output_2> is equivalent to a wire in block <config_arch>.
WARNING:Xst:1294 - Latch <module1/output_3> is equivalent to a wire in block <config_arch>.
WARNING:Xst:1294 - Latch <module1/output_6> is equivalent to a wire in block <config_arch>.
WARNING:Xst:1294 - Latch <module1/output_0> is equivalent to a wire in block <config_arch>.
WARNING:Xst:1294 - Latch <module1/output_7> is equivalent to a wire in block <config_arch>.

Mapping all equations...
Building and optimizing final netlist ...
Found area constraint ratio of 100 (+ 5) on block config_arch, actual ratio is 0.

Final Macro Processing ...

=========================================================================
Final Register Report

Found no macro
=========================================================================

=========================================================================
*                           Partition Report                            *
=========================================================================

Partition Implementation Status
-------------------------------

  No Partitions were found in this design.

-------------------------------

=========================================================================
*                            Design Summary                             *
=========================================================================

Top Level Output File Name         : config_arch.ngc

Primitive and Black Box Usage:
------------------------------
# BELS                             : 19
#      LUT3                        : 1
#      LUT4                        : 1
#      LUT5                        : 1
#      LUT6                        : 12
#      MUXF7                       : 4
# IO Buffers                       : 28
#      IBUF                        : 12
#      OBUF                        : 16

Device utilization summary:
---------------------------

Selected Device : xa7a100tcsg324-2i 


Slice Logic Utilization: 
 Number of Slice LUTs:                   15  out of  63400     0%  
    Number used as Logic:                15  out of  63400     0%  

Slice Logic Distribution: 
 Number of LUT Flip Flop pairs used:     15
   Number with an unused Flip Flop:      15  out of     15   100%  
   Number with an unused LUT:             0  out of     15     0%  
   Number of fully used LUT-FF pairs:     0  out of     15     0%  
   Number of unique control sets:         0

IO Utilization: 
 Number of IOs:                          28
 Number of bonded IOBs:                  28  out of    210    13%  

Specific Feature Utilization:

---------------------------
Partition Resource Summary:
---------------------------

  No Partitions were found in this design.

---------------------------


=========================================================================
Timing Report

NOTE: THESE TIMING NUMBERS ARE ONLY A SYNTHESIS ESTIMATE.
      FOR ACCURATE TIMING INFORMATION PLEASE REFER TO THE TRACE REPORT
      GENERATED AFTER PLACE-and-ROUTE.

Clock Information:
------------------
No clock signals found in this design

Asynchronous Control Signals Information:
----------------------------------------
No asynchronous control signals found in this design

Timing Summary:
---------------
Speed Grade: -2

   Minimum period: No path found
   Minimum input arrival time before clock: No path found
   Maximum output required time after clock: No path found
   Maximum combinational path delay: 1.931ns

Timing Details:
---------------
All values displayed in nanoseconds (ns)

=========================================================================
Timing constraint: Default path analysis
  Total number of paths / destination ports: 156 / 16
-------------------------------------------------------------------------
Delay:               1.931ns (Levels of Logic = 4)
  Source:            shift<0> (PAD)
  Destination:       output1<4> (PAD)

  Data Path: shift<0> to output1<4>
                                Gate     Net
    Cell:in->out      fanout   Delay   Delay  Logical Name (Net Name)
    ----------------------------------------  ------------
     IBUF:I->O            14   0.001   0.815  shift_0_IBUF (module1/Msub_GND_5_o_GND_5_o_sub_3_OUT<2:0>_cy<0>)
     LUT6:I1->O            2   0.097   0.576  module2/MUX_0/Mmux_dout_din[0]_MUX_215_o_3 (module2/MUX_0/Mmux_dout_din[0]_MUX_215_o_3)
     LUT4:I1->O            2   0.097   0.344  module1/Mmux_GND_5_o_X_5_o_Mux_58_o22 (output1_4_OBUF)
     OBUF:I->O                 0.000          output1_4_OBUF (output1<4>)
    ----------------------------------------
    Total                      1.931ns (0.195ns logic, 1.736ns route)
                                       (10.1% logic, 89.9% route)

=========================================================================

Cross Clock Domains Report:
--------------------------

=========================================================================


Total REAL time to Xst completion: 34.00 secs
Total CPU time to Xst completion: 34.74 secs
 
--> 

Total memory usage is 787624 kilobytes

Number of errors   :    0 (   0 filtered)
Number of warnings :   26 (   0 filtered)
Number of infos    :    0 (   0 filtered)

