Unable to capture context for thread 1396 in process 2244, can not generate back trace
Exception at PC 0x000007FEFD42A06D
Unable to capture context for thread 1396 in process 2244, can not generate back trace
Exception at PC 0x000007FEBE07BB93
Printing stacktrace...

Unable to capture context for thread 4076 in process 2244, can not generate back trace
Exception at PC 0x000007FEFD42A06D
Exception at PC 0x000007FEFD42A06D
Unable to capture context for thread 4552 in process 2244, can not generate back trace
Exception at PC 0x000007FEFD42A06D
Exception at PC 0x000007FEFD42A06D
Exception at PC 0x000007FEFD42A06D
Exception at PC 0x000007FEFD42A06D
Exception at PC 0x000007FEFD42A06D
Exception at PC 0x000007FEFD42A06D
Exception at PC 0x000007FEFD42A06D
Exception at PC 0x000007FEFD42A06D
Exception at PC 0x000007FEFD42A06D
Exception at PC 0x000007FEFD42A06D
Exception at PC 0x000007FEFD42A06D
[0]  [0x000007FEBE07BB93]
[1]  [0x000007FEBE07BB93]
[2]  [0x000007FEBE07B4A1]
[3]  [0x000007FEBE07B3EF]
[4]  [0x000007FEBE0619FE]
[5]  [0x000007FEBE060ED1]
[6]  [0x000007FEBE060D76]
[7]  [0x000007FEBE0079F6]
[8]  [0x000007FEBDFF7AFB]
[9]  [0x000007FEBE11E90A]
[10]  [0x000007FEBE139F87]
[11]  [0x000007FEBE13A05F]
[12] (BaseThreadInitThunk+0xd) [0x00000000772759CD]
[13] (RtlUserThreadStart+0x21) [0x00000000774AA561]
Done
Exception at PC 0x000007FEFD42A06D
Exception at PC 0x000007FEFD42A06D
Exception at PC 0x000007FEFD42A06D
Exception at PC 0x000007FEFD42A06D
