Unable to capture context for thread 7620 in process 8988, can not generate back trace
Unable to capture context for thread 8496 in process 8988, can not generate back trace
Exception at PC 0x000007FE911CBB93
Printing stacktrace...

Exception at PC 0x000007FEFD31A06D
Exception at PC 0x000007FEFD31A06D
Exception at PC 0x000007FEFD31A06D
Unable to capture context for thread 4492 in process 8988, can not generate back trace
Exception at PC 0x000007FEFD31A06D
Exception at PC 0x000007FEFD31A06D
Exception at PC 0x000007FEFD31A06D
Exception at PC 0x000007FEFD31A06D
Exception at PC 0x000007FEFD31A06D
Exception at PC 0x000007FEFD31A06D
Exception at PC 0x000007FEFD31A06D
Exception at PC 0x000007FEFD31A06D
Exception at PC 0x000007FEFD31A06D
Exception at PC 0x000007FEFD31A06D
Exception at PC 0x000007FEFD31A06D
[0]  [0x000007FE911CBB93]
[1]  [0x000007FE911CBB93]
[2]  [0x000007FE911CB4A1]
[3]  [0x000007FE911CB3EF]
[4]  [0x000007FE911B19FE]
[5]  [0x000007FE911B0ED1]
[6]  [0x000007FE911B0D76]
[7]  [0x000007FE911579F6]
[8]  [0x000007FE91147AFB]
[9]  [0x000007FE9126E90A]
[10]  [0x000007FE91289F87]
[11]  [0x000007FE9128A05F]
[12] (BaseThreadInitThunk+0xd) [0x00000000771759CD]
[13] (RtlUserThreadStart+0x21) [0x00000000773AA561]
Done
Exception at PC 0x000007FEFD31A06D
Exception at PC 0x000007FEFD31A06D
Exception at PC 0x000007FEFD31A06D
Exception at PC 0x000007FEFD31A06D
